[debug] [2021-01-10T07:17:08.003Z] ----------------------------------------------------------------------
[debug] [2021-01-10T07:17:08.005Z] Command:       /usr/local/bin/firebase /Users/abdelrahman/.cache/firebase/tools/lib/node_modules/firebase-tools/lib/bin/firebase emulators:start
[debug] [2021-01-10T07:17:08.006Z] CLI Version:   9.1.2
[debug] [2021-01-10T07:17:08.006Z] Platform:      darwin
[debug] [2021-01-10T07:17:08.006Z] Node Version:  v12.18.1
[debug] [2021-01-10T07:17:08.017Z] Time:          Sun Jan 10 2021 10:17:08 GMT+0300 (GMT+03:00)
[debug] [2021-01-10T07:17:08.018Z] ----------------------------------------------------------------------
[debug] [2021-01-10T07:17:08.018Z] 
[debug] [2021-01-10T07:17:08.031Z] > command requires scopes: ["email","openid","https://www.googleapis.com/auth/cloudplatformprojects.readonly","https://www.googleapis.com/auth/firebase","https://www.googleapis.com/auth/cloud-platform"]
[debug] [2021-01-10T07:17:08.032Z] > authorizing via signed-in user
[info] i  emulators: Starting emulators: auth, functions, firestore, database {"metadata":{"emulator":{"name":"hub"},"message":"Starting emulators: auth, functions, firestore, database"}}
[debug] [2021-01-10T07:17:08.053Z] [hub] writing locator at /var/folders/05/08n7bs057s32vs_rph160mr00000gn/T/hub-vngrs-c5a55.json
[warn] ⚠  functions: The following emulators are not running, calls to these services from the Functions emulator will affect production: hosting, pubsub {"metadata":{"emulator":{"name":"functions"},"message":"The following emulators are not running, calls to these services from the Functions emulator will affect production: \u001b[1mhosting, pubsub\u001b[22m"}}
[warn] ⚠  Your requested "node" version ">12" doesn't match your global version "12" {"metadata":{"emulator":{"name":"functions"},"message":"Your requested \"node\" version \">12\" doesn't match your global version \"12\""}}
[debug] [2021-01-10T07:17:08.084Z] defaultcredentials: writing to file /Users/abdelrahman/.config/firebase/dev_ismail9k_com_application_default_credentials.json
[debug] [2021-01-10T07:17:08.085Z] Setting GAC to /Users/abdelrahman/.config/firebase/dev_ismail9k_com_application_default_credentials.json {"metadata":{"emulator":{"name":"functions"},"message":"Setting GAC to /Users/abdelrahman/.config/firebase/dev_ismail9k_com_application_default_credentials.json"}}
[debug] [2021-01-10T07:17:08.088Z] >>> [apiv2][query] GET https://firebase.googleapis.com/v1beta1/projects/vngrs-c5a55/adminSdkConfig [none]
[debug] [2021-01-10T07:17:08.645Z] <<< [apiv2][status] GET https://firebase.googleapis.com/v1beta1/projects/vngrs-c5a55/adminSdkConfig 200
[debug] [2021-01-10T07:17:08.646Z] <<< [apiv2][body] GET https://firebase.googleapis.com/v1beta1/projects/vngrs-c5a55/adminSdkConfig {"projectId":"vngrs-c5a55","storageBucket":"vngrs-c5a55.appspot.com","locationId":"europe-west"}
[debug] [2021-01-10T07:17:08.946Z] Ignoring unsupported arg: projectId {"metadata":{"emulator":{"name":"firestore"},"message":"Ignoring unsupported arg: projectId"}}
[debug] [2021-01-10T07:17:08.946Z] Ignoring unsupported arg: auto_download {"metadata":{"emulator":{"name":"firestore"},"message":"Ignoring unsupported arg: auto_download"}}
[debug] [2021-01-10T07:17:08.946Z] Starting Firestore Emulator with command {"binary":"java","args":["-Dgoogle.cloud_firestore.debug_log_level=FINE","-Duser.language=en","-jar","/Users/abdelrahman/.cache/firebase/emulators/cloud-firestore-emulator-v1.11.11.jar","--host","localhost","--port",6060,"--rules","/Users/abdelrahman/Projects/lit-element/firestore.rules","--functions_emulator","localhost:5050"],"optionalArgs":["port","webchannel_port","host","rules","functions_emulator","seed_from_export"],"joinArgs":false} {"metadata":{"emulator":{"name":"firestore"},"message":"Starting Firestore Emulator with command {\"binary\":\"java\",\"args\":[\"-Dgoogle.cloud_firestore.debug_log_level=FINE\",\"-Duser.language=en\",\"-jar\",\"/Users/abdelrahman/.cache/firebase/emulators/cloud-firestore-emulator-v1.11.11.jar\",\"--host\",\"localhost\",\"--port\",6060,\"--rules\",\"/Users/abdelrahman/Projects/lit-element/firestore.rules\",\"--functions_emulator\",\"localhost:5050\"],\"optionalArgs\":[\"port\",\"webchannel_port\",\"host\",\"rules\",\"functions_emulator\",\"seed_from_export\"],\"joinArgs\":false}"}}
[info] i  firestore: Firestore Emulator logging to firestore-debug.log {"metadata":{"emulator":{"name":"firestore"},"message":"Firestore Emulator logging to \u001b[1mfirestore-debug.log\u001b[22m"}}
[debug] [2021-01-10T07:17:16.297Z] API endpoint: http://localhost {"metadata":{"emulator":{"name":"firestore"},"message":"API endpoint: http://localhost"}}
[debug] [2021-01-10T07:17:16.298Z] :6060
If you are using a library that supports the FIRESTORE_EMULATOR_HOST environment variable, run:
 {"metadata":{"emulator":{"name":"firestore"},"message":":6060\nIf you are using a library that supports the FIRESTORE_EMULATOR_HOST environment variable, run:\n"}}
[debug] [2021-01-10T07:17:16.299Z] 
   export FIRESTORE_EMULATOR_HOST=localhost:6060

Dev App Server is now running.

 {"metadata":{"emulator":{"name":"firestore"},"message":"\n   export FIRESTORE_EMULATOR_HOST=localhost:6060\n\nDev App Server is now running.\n\n"}}
[debug] [2021-01-10T07:17:16.318Z] database rules config:  [{"instance":"vngrs-c5a55","rules":"/Users/abdelrahman/Projects/lit-element/database.rules.json"}]
[debug] [2021-01-10T07:17:16.319Z] Ignoring unsupported arg: projectId {"metadata":{"emulator":{"name":"database"},"message":"Ignoring unsupported arg: projectId"}}
[debug] [2021-01-10T07:17:16.320Z] Ignoring unsupported arg: auto_download {"metadata":{"emulator":{"name":"database"},"message":"Ignoring unsupported arg: auto_download"}}
[debug] [2021-01-10T07:17:16.320Z] Ignoring unsupported arg: rules {"metadata":{"emulator":{"name":"database"},"message":"Ignoring unsupported arg: rules"}}
[debug] [2021-01-10T07:17:16.320Z] Starting Database Emulator with command {"binary":"java","args":["-Duser.language=en","-jar","/Users/abdelrahman/.cache/firebase/emulators/firebase-database-emulator-v4.7.2.jar","--host","localhost","--port",9000,"--functions_emulator_host","localhost","--functions_emulator_port",5050],"optionalArgs":["port","host","functions_emulator_port","functions_emulator_host"],"joinArgs":false} {"metadata":{"emulator":{"name":"database"},"message":"Starting Database Emulator with command {\"binary\":\"java\",\"args\":[\"-Duser.language=en\",\"-jar\",\"/Users/abdelrahman/.cache/firebase/emulators/firebase-database-emulator-v4.7.2.jar\",\"--host\",\"localhost\",\"--port\",9000,\"--functions_emulator_host\",\"localhost\",\"--functions_emulator_port\",5050],\"optionalArgs\":[\"port\",\"host\",\"functions_emulator_port\",\"functions_emulator_host\"],\"joinArgs\":false}"}}
[info] i  database: Database Emulator logging to database-debug.log {"metadata":{"emulator":{"name":"database"},"message":"Database Emulator logging to \u001b[1mdatabase-debug.log\u001b[22m"}}
[debug] [2021-01-10T07:17:20.586Z] 10:17:20.579 [NamespaceSystem-akka.actor.default-dispatcher-4] INFO akka.event.slf4j.Slf4jLogger - Slf4jLogger started
 {"metadata":{"emulator":{"name":"database"},"message":"10:17:20.579 [NamespaceSystem-akka.actor.default-dispatcher-4] INFO akka.event.slf4j.Slf4jLogger - Slf4jLogger started\n"}}
[debug] [2021-01-10T07:17:20.996Z] 10:17:20.995 [main] INFO com.firebase.server.forge.App$ - Listening at localhost:9000
 {"metadata":{"emulator":{"name":"database"},"message":"10:17:20.995 [main] INFO com.firebase.server.forge.App$ - Listening at localhost:9000\n"}}
[debug] [2021-01-10T07:17:23.753Z] Ignoring unsupported arg: auto_download {"metadata":{"emulator":{"name":"ui"},"message":"Ignoring unsupported arg: auto_download"}}
[debug] [2021-01-10T07:17:23.753Z] Ignoring unsupported arg: port {"metadata":{"emulator":{"name":"ui"},"message":"Ignoring unsupported arg: port"}}
[debug] [2021-01-10T07:17:23.754Z] Starting Emulator UI with command {"binary":"node","args":["/Users/abdelrahman/.cache/firebase/emulators/ui-v1.4.1/server.bundle.js"],"optionalArgs":[],"joinArgs":false} {"metadata":{"emulator":{"name":"ui"},"message":"Starting Emulator UI with command {\"binary\":\"node\",\"args\":[\"/Users/abdelrahman/.cache/firebase/emulators/ui-v1.4.1/server.bundle.js\"],\"optionalArgs\":[],\"joinArgs\":false}"}}
[info] i  ui: Emulator UI logging to ui-debug.log {"metadata":{"emulator":{"name":"ui"},"message":"Emulator UI logging to \u001b[1mui-debug.log\u001b[22m"}}
[debug] [2021-01-10T07:17:24.030Z] Web / API server started at http://localhost:4000
 {"metadata":{"emulator":{"name":"ui"},"message":"Web / API server started at http://localhost:4000\n"}}
[info] i  functions: Watching "/Users/abdelrahman/Projects/lit-element/functions" for Cloud Functions... {"metadata":{"emulator":{"name":"functions"},"message":"Watching \"/Users/abdelrahman/Projects/lit-element/functions\" for Cloud Functions..."}}
[debug] [2021-01-10T07:17:24.305Z] [worker-pool] addWorker(~diagnostic~) {"metadata":{"emulator":{"name":"functions"},"message":"[worker-pool] addWorker(~diagnostic~)"}}
[debug] [2021-01-10T07:17:24.306Z] [worker-pool] Adding worker with key ~diagnostic~, total=1 {"metadata":{"emulator":{"name":"functions"},"message":"[worker-pool] Adding worker with key ~diagnostic~, total=1"}}
[debug] [2021-01-10T07:17:24.307Z] [worker-pool] submitWork(triggerId=) {"metadata":{"emulator":{"name":"functions"},"message":"[worker-pool] submitWork(triggerId=)"}}
[debug] [2021-01-10T07:17:24.308Z] [worker-~diagnostic~-7a1dafb7-66d1-4247-8f32-d91aa643e9a4]: Assigning socketPath: /var/folders/05/08n7bs057s32vs_rph160mr00000gn/T/fire_emu_29278.sock {"metadata":{"emulator":{"name":"functions"},"message":"[worker-~diagnostic~-7a1dafb7-66d1-4247-8f32-d91aa643e9a4]: Assigning socketPath: /var/folders/05/08n7bs057s32vs_rph160mr00000gn/T/fire_emu_29278.sock"}}
[debug] [2021-01-10T07:17:24.308Z] [worker-~diagnostic~-7a1dafb7-66d1-4247-8f32-d91aa643e9a4]: BUSY {"metadata":{"emulator":{"name":"functions"},"message":"[worker-~diagnostic~-7a1dafb7-66d1-4247-8f32-d91aa643e9a4]: BUSY"}}
[debug] [2021-01-10T07:17:24.803Z] [runtime-status] [29278] Functions runtime initialized. {"cwd":"/Users/abdelrahman/Projects/lit-element/functions","node_version":"12.18.1"} {"metadata":{"emulator":{"name":"functions"},"message":"[runtime-status] [29278] Functions runtime initialized. {\"cwd\":\"/Users/abdelrahman/Projects/lit-element/functions\",\"node_version\":\"12.18.1\"}"}}
[debug] [2021-01-10T07:17:24.803Z] [runtime-status] [29278] Disabled runtime features: undefined {"metadata":{"emulator":{"name":"functions"},"message":"[runtime-status] [29278] Disabled runtime features: undefined"}}
[debug] [2021-01-10T07:17:24.808Z] [runtime-status] [29278] Resolved module firebase-admin {"declared":true,"installed":true,"version":"9.4.2","resolution":"/Users/abdelrahman/Projects/lit-element/functions/node_modules/firebase-admin/lib/index.js"} {"metadata":{"emulator":{"name":"functions"},"message":"[runtime-status] [29278] Resolved module firebase-admin {\"declared\":true,\"installed\":true,\"version\":\"9.4.2\",\"resolution\":\"/Users/abdelrahman/Projects/lit-element/functions/node_modules/firebase-admin/lib/index.js\"}"}}
[debug] [2021-01-10T07:17:24.813Z] [runtime-status] [29278] Resolved module firebase-functions {"declared":true,"installed":true,"version":"3.13.0","resolution":"/Users/abdelrahman/Projects/lit-element/functions/node_modules/firebase-functions/lib/index.js"} {"metadata":{"emulator":{"name":"functions"},"message":"[runtime-status] [29278] Resolved module firebase-functions {\"declared\":true,\"installed\":true,\"version\":\"3.13.0\",\"resolution\":\"/Users/abdelrahman/Projects/lit-element/functions/node_modules/firebase-functions/lib/index.js\"}"}}
[debug] [2021-01-10T07:17:24.813Z] [runtime-status] [29278] Resolved module firebase-functions {"declared":true,"installed":true,"version":"3.13.0","resolution":"/Users/abdelrahman/Projects/lit-element/functions/node_modules/firebase-functions/lib/index.js"} {"metadata":{"emulator":{"name":"functions"},"message":"[runtime-status] [29278] Resolved module firebase-functions {\"declared\":true,\"installed\":true,\"version\":\"3.13.0\",\"resolution\":\"/Users/abdelrahman/Projects/lit-element/functions/node_modules/firebase-functions/lib/index.js\"}"}}
[debug] [2021-01-10T07:17:24.817Z] [runtime-status] [29278] Outgoing network have been stubbed. [{"name":"http","status":"mocked"},{"name":"http","status":"mocked"},{"name":"https","status":"mocked"},{"name":"https","status":"mocked"},{"name":"net","status":"mocked"}] {"metadata":{"emulator":{"name":"functions"},"message":"[runtime-status] [29278] Outgoing network have been stubbed. [{\"name\":\"http\",\"status\":\"mocked\"},{\"name\":\"http\",\"status\":\"mocked\"},{\"name\":\"https\",\"status\":\"mocked\"},{\"name\":\"https\",\"status\":\"mocked\"},{\"name\":\"net\",\"status\":\"mocked\"}]"}}
[debug] [2021-01-10T07:17:24.818Z] [runtime-status] [29278] Resolved module firebase-functions {"declared":true,"installed":true,"version":"3.13.0","resolution":"/Users/abdelrahman/Projects/lit-element/functions/node_modules/firebase-functions/lib/index.js"} {"metadata":{"emulator":{"name":"functions"},"message":"[runtime-status] [29278] Resolved module firebase-functions {\"declared\":true,\"installed\":true,\"version\":\"3.13.0\",\"resolution\":\"/Users/abdelrahman/Projects/lit-element/functions/node_modules/firebase-functions/lib/index.js\"}"}}
[debug] [2021-01-10T07:17:24.909Z] [runtime-status] [29278] Checked functions.config() {"config":{}} {"metadata":{"emulator":{"name":"functions"},"message":"[runtime-status] [29278] Checked functions.config() {\"config\":{}}"}}
[debug] [2021-01-10T07:17:24.910Z] [runtime-status] [29278] firebase-functions has been stubbed. {"functionsResolution":{"declared":true,"installed":true,"version":"3.13.0","resolution":"/Users/abdelrahman/Projects/lit-element/functions/node_modules/firebase-functions/lib/index.js"}} {"metadata":{"emulator":{"name":"functions"},"message":"[runtime-status] [29278] firebase-functions has been stubbed. {\"functionsResolution\":{\"declared\":true,\"installed\":true,\"version\":\"3.13.0\",\"resolution\":\"/Users/abdelrahman/Projects/lit-element/functions/node_modules/firebase-functions/lib/index.js\"}}"}}
[debug] [2021-01-10T07:17:24.910Z] [runtime-status] [29278] Resolved module firebase-functions {"declared":true,"installed":true,"version":"3.13.0","resolution":"/Users/abdelrahman/Projects/lit-element/functions/node_modules/firebase-functions/lib/index.js"} {"metadata":{"emulator":{"name":"functions"},"message":"[runtime-status] [29278] Resolved module firebase-functions {\"declared\":true,\"installed\":true,\"version\":\"3.13.0\",\"resolution\":\"/Users/abdelrahman/Projects/lit-element/functions/node_modules/firebase-functions/lib/index.js\"}"}}
[debug] [2021-01-10T07:17:24.911Z] [runtime-status] [29278] Resolved module firebase-admin {"declared":true,"installed":true,"version":"9.4.2","resolution":"/Users/abdelrahman/Projects/lit-element/functions/node_modules/firebase-admin/lib/index.js"} {"metadata":{"emulator":{"name":"functions"},"message":"[runtime-status] [29278] Resolved module firebase-admin {\"declared\":true,\"installed\":true,\"version\":\"9.4.2\",\"resolution\":\"/Users/abdelrahman/Projects/lit-element/functions/node_modules/firebase-admin/lib/index.js\"}"}}
[debug] [2021-01-10T07:17:24.911Z] [runtime-status] [29278] Resolved module firebase-functions {"declared":true,"installed":true,"version":"3.13.0","resolution":"/Users/abdelrahman/Projects/lit-element/functions/node_modules/firebase-functions/lib/index.js"} {"metadata":{"emulator":{"name":"functions"},"message":"[runtime-status] [29278] Resolved module firebase-functions {\"declared\":true,\"installed\":true,\"version\":\"3.13.0\",\"resolution\":\"/Users/abdelrahman/Projects/lit-element/functions/node_modules/firebase-functions/lib/index.js\"}"}}
[debug] [2021-01-10T07:17:24.912Z] [runtime-status] [29278] firebase-admin has been stubbed. {"adminResolution":{"declared":true,"installed":true,"version":"9.4.2","resolution":"/Users/abdelrahman/Projects/lit-element/functions/node_modules/firebase-admin/lib/index.js"}} {"metadata":{"emulator":{"name":"functions"},"message":"[runtime-status] [29278] firebase-admin has been stubbed. {\"adminResolution\":{\"declared\":true,\"installed\":true,\"version\":\"9.4.2\",\"resolution\":\"/Users/abdelrahman/Projects/lit-element/functions/node_modules/firebase-admin/lib/index.js\"}}"}}
[debug] [2021-01-10T07:17:24.917Z] [worker-~diagnostic~-7a1dafb7-66d1-4247-8f32-d91aa643e9a4]: IDLE {"metadata":{"emulator":{"name":"functions"},"message":"[worker-~diagnostic~-7a1dafb7-66d1-4247-8f32-d91aa643e9a4]: IDLE"}}
[info] ✔  functions[helloWorld]: http function initialized (http://localhost:5050/vngrs-c5a55/us-central1/helloWorld). {"metadata":{"emulator":{"name":"functions"},"message":"\u001b[1mhttp\u001b[22m function initialized (http://localhost:5050/vngrs-c5a55/us-central1/helloWorld)."}}
[debug] [2021-01-10T07:17:24.920Z] >>> HTTP REQUEST PUT http://localhost:9000/.settings/rules.json?ns=vngrs-c5a55  
 {
  "rules": {
    ".read": "auth != null",
    ".write": "auth != null"
  }
}
[debug] [2021-01-10T07:17:25.812Z] <<< HTTP RESPONSE 200 {"content-length":"15","content-type":"application/json; charset=utf-8","access-control-allow-origin":"*","cache-control":"no-cache","x-firebase-project-id":"vngrs-c5a55","x-firebase-project-number":"123456789","x-firebase-uuid":"b17abe68-176a-42a4-be5c-47abf9d3ed26"}
[info] 
┌─────────────────────────────────────────────────────────────┐
│ ✔  All emulators ready! It is now safe to connect your app. │
│ i  View Emulator UI at http://localhost:4000                │
└─────────────────────────────────────────────────────────────┘

┌────────────────┬────────────────┬─────────────────────────────────┐
│ Emulator       │ Host:Port      │ View in Emulator UI             │
├────────────────┼────────────────┼─────────────────────────────────┤
│ Authentication │ localhost:4040 │ http://localhost:4000/auth      │
├────────────────┼────────────────┼─────────────────────────────────┤
│ Functions      │ localhost:5050 │ http://localhost:4000/functions │
├────────────────┼────────────────┼─────────────────────────────────┤
│ Firestore      │ localhost:6060 │ http://localhost:4000/firestore │
├────────────────┼────────────────┼─────────────────────────────────┤
│ Database       │ localhost:9000 │ http://localhost:4000/database  │
└────────────────┴────────────────┴─────────────────────────────────┘
  Emulator Hub running at localhost:4400
  Other reserved ports: 4500

Issues? Report them at https://github.com/firebase/firebase-tools/issues and attach the *-debug.log files.
 
[debug] [2021-01-10T07:17:53.862Z] Jan 10, 2021 10:17:53 AM io.gapi.emulators.netty.HttpVersionRoutingHandler channelRead
INFO: Detected non-HTTP/2 connection.
 {"metadata":{"emulator":{"name":"firestore"},"message":"Jan 10, 2021 10:17:53 AM io.gapi.emulators.netty.HttpVersionRoutingHandler channelRead\nINFO: Detected non-HTTP/2 connection.\n"}}
[debug] [2021-01-10T07:17:54.282Z] Jan 10, 2021 10:17:54 AM io.gapi.emulators.netty.HttpVersionRoutingHandler channelRead
INFO: Detected HTTP/2 connection.
 {"metadata":{"emulator":{"name":"firestore"},"message":"Jan 10, 2021 10:17:54 AM io.gapi.emulators.netty.HttpVersionRoutingHandler channelRead\nINFO: Detected HTTP/2 connection.\n"}}
[debug] [2021-01-10T07:18:26.557Z] [work-queue] {"queueLength":1,"workRunningCount":0}
[debug] [2021-01-10T07:18:26.558Z] [work-queue] {"queueLength":0,"workRunningCount":1}
[debug] [2021-01-10T07:18:26.558Z] Accepted request GET /vngrs-c5a55/us-central1/helloWorld --> helloWorld
[debug] [2021-01-10T07:18:26.568Z] [worker-pool] addWorker(helloWorld) {"metadata":{"emulator":{"name":"functions"},"message":"[worker-pool] addWorker(helloWorld)"}}
[debug] [2021-01-10T07:18:26.568Z] [worker-pool] Adding worker with key helloWorld, total=1 {"metadata":{"emulator":{"name":"functions"},"message":"[worker-pool] Adding worker with key helloWorld, total=1"}}
[debug] [2021-01-10T07:18:26.568Z] [worker-pool] submitWork(triggerId=helloWorld) {"metadata":{"emulator":{"name":"functions"},"message":"[worker-pool] submitWork(triggerId=helloWorld)"}}
[debug] [2021-01-10T07:18:26.569Z] [worker-helloWorld-6811af6c-dee8-4cd5-bcce-95c7c7d0cf77]: Assigning socketPath: /var/folders/05/08n7bs057s32vs_rph160mr00000gn/T/fire_emu_29312.sock {"metadata":{"emulator":{"name":"functions"},"message":"[worker-helloWorld-6811af6c-dee8-4cd5-bcce-95c7c7d0cf77]: Assigning socketPath: /var/folders/05/08n7bs057s32vs_rph160mr00000gn/T/fire_emu_29312.sock"}}
[debug] [2021-01-10T07:18:26.569Z] [worker-helloWorld-6811af6c-dee8-4cd5-bcce-95c7c7d0cf77]: BUSY {"metadata":{"emulator":{"name":"functions"},"message":"[worker-helloWorld-6811af6c-dee8-4cd5-bcce-95c7c7d0cf77]: BUSY"}}
[debug] [2021-01-10T07:18:27.011Z] [runtime-status] [29312] Functions runtime initialized. {"cwd":"/Users/abdelrahman/Projects/lit-element/functions","node_version":"12.18.1"} {"metadata":{"emulator":{"name":"functions"},"function":{"name":"helloWorld"},"message":"[runtime-status] [29312] Functions runtime initialized. {\"cwd\":\"/Users/abdelrahman/Projects/lit-element/functions\",\"node_version\":\"12.18.1\"}"}}
[debug] [2021-01-10T07:18:27.013Z] [runtime-status] [29312] Disabled runtime features: undefined {"metadata":{"emulator":{"name":"functions"},"function":{"name":"helloWorld"},"message":"[runtime-status] [29312] Disabled runtime features: undefined"}}
[debug] [2021-01-10T07:18:27.018Z] [runtime-status] [29312] Resolved module firebase-admin {"declared":true,"installed":true,"version":"9.4.2","resolution":"/Users/abdelrahman/Projects/lit-element/functions/node_modules/firebase-admin/lib/index.js"} {"metadata":{"emulator":{"name":"functions"},"function":{"name":"helloWorld"},"message":"[runtime-status] [29312] Resolved module firebase-admin {\"declared\":true,\"installed\":true,\"version\":\"9.4.2\",\"resolution\":\"/Users/abdelrahman/Projects/lit-element/functions/node_modules/firebase-admin/lib/index.js\"}"}}
[debug] [2021-01-10T07:18:27.025Z] [runtime-status] [29312] Resolved module firebase-functions {"declared":true,"installed":true,"version":"3.13.0","resolution":"/Users/abdelrahman/Projects/lit-element/functions/node_modules/firebase-functions/lib/index.js"} {"metadata":{"emulator":{"name":"functions"},"function":{"name":"helloWorld"},"message":"[runtime-status] [29312] Resolved module firebase-functions {\"declared\":true,\"installed\":true,\"version\":\"3.13.0\",\"resolution\":\"/Users/abdelrahman/Projects/lit-element/functions/node_modules/firebase-functions/lib/index.js\"}"}}
[debug] [2021-01-10T07:18:27.025Z] [runtime-status] [29312] Resolved module firebase-functions {"declared":true,"installed":true,"version":"3.13.0","resolution":"/Users/abdelrahman/Projects/lit-element/functions/node_modules/firebase-functions/lib/index.js"} {"metadata":{"emulator":{"name":"functions"},"function":{"name":"helloWorld"},"message":"[runtime-status] [29312] Resolved module firebase-functions {\"declared\":true,\"installed\":true,\"version\":\"3.13.0\",\"resolution\":\"/Users/abdelrahman/Projects/lit-element/functions/node_modules/firebase-functions/lib/index.js\"}"}}
[debug] [2021-01-10T07:18:27.025Z] [runtime-status] [29312] Outgoing network have been stubbed. [{"name":"http","status":"mocked"},{"name":"http","status":"mocked"},{"name":"https","status":"mocked"},{"name":"https","status":"mocked"},{"name":"net","status":"mocked"}] {"metadata":{"emulator":{"name":"functions"},"function":{"name":"helloWorld"},"message":"[runtime-status] [29312] Outgoing network have been stubbed. [{\"name\":\"http\",\"status\":\"mocked\"},{\"name\":\"http\",\"status\":\"mocked\"},{\"name\":\"https\",\"status\":\"mocked\"},{\"name\":\"https\",\"status\":\"mocked\"},{\"name\":\"net\",\"status\":\"mocked\"}]"}}
[debug] [2021-01-10T07:18:27.025Z] [runtime-status] [29312] Resolved module firebase-functions {"declared":true,"installed":true,"version":"3.13.0","resolution":"/Users/abdelrahman/Projects/lit-element/functions/node_modules/firebase-functions/lib/index.js"} {"metadata":{"emulator":{"name":"functions"},"function":{"name":"helloWorld"},"message":"[runtime-status] [29312] Resolved module firebase-functions {\"declared\":true,\"installed\":true,\"version\":\"3.13.0\",\"resolution\":\"/Users/abdelrahman/Projects/lit-element/functions/node_modules/firebase-functions/lib/index.js\"}"}}
[debug] [2021-01-10T07:18:27.136Z] [runtime-status] [29312] Checked functions.config() {"config":{}} {"metadata":{"emulator":{"name":"functions"},"function":{"name":"helloWorld"},"message":"[runtime-status] [29312] Checked functions.config() {\"config\":{}}"}}
[debug] [2021-01-10T07:18:27.137Z] [runtime-status] [29312] firebase-functions has been stubbed. {"functionsResolution":{"declared":true,"installed":true,"version":"3.13.0","resolution":"/Users/abdelrahman/Projects/lit-element/functions/node_modules/firebase-functions/lib/index.js"}} {"metadata":{"emulator":{"name":"functions"},"function":{"name":"helloWorld"},"message":"[runtime-status] [29312] firebase-functions has been stubbed. {\"functionsResolution\":{\"declared\":true,\"installed\":true,\"version\":\"3.13.0\",\"resolution\":\"/Users/abdelrahman/Projects/lit-element/functions/node_modules/firebase-functions/lib/index.js\"}}"}}
[debug] [2021-01-10T07:18:27.138Z] [runtime-status] [29312] Resolved module firebase-functions {"declared":true,"installed":true,"version":"3.13.0","resolution":"/Users/abdelrahman/Projects/lit-element/functions/node_modules/firebase-functions/lib/index.js"} {"metadata":{"emulator":{"name":"functions"},"function":{"name":"helloWorld"},"message":"[runtime-status] [29312] Resolved module firebase-functions {\"declared\":true,\"installed\":true,\"version\":\"3.13.0\",\"resolution\":\"/Users/abdelrahman/Projects/lit-element/functions/node_modules/firebase-functions/lib/index.js\"}"}}
[debug] [2021-01-10T07:18:27.139Z] [runtime-status] [29312] Resolved module firebase-admin {"declared":true,"installed":true,"version":"9.4.2","resolution":"/Users/abdelrahman/Projects/lit-element/functions/node_modules/firebase-admin/lib/index.js"} {"metadata":{"emulator":{"name":"functions"},"function":{"name":"helloWorld"},"message":"[runtime-status] [29312] Resolved module firebase-admin {\"declared\":true,\"installed\":true,\"version\":\"9.4.2\",\"resolution\":\"/Users/abdelrahman/Projects/lit-element/functions/node_modules/firebase-admin/lib/index.js\"}"}}
[debug] [2021-01-10T07:18:27.139Z] [runtime-status] [29312] Resolved module firebase-functions {"declared":true,"installed":true,"version":"3.13.0","resolution":"/Users/abdelrahman/Projects/lit-element/functions/node_modules/firebase-functions/lib/index.js"} {"metadata":{"emulator":{"name":"functions"},"function":{"name":"helloWorld"},"message":"[runtime-status] [29312] Resolved module firebase-functions {\"declared\":true,\"installed\":true,\"version\":\"3.13.0\",\"resolution\":\"/Users/abdelrahman/Projects/lit-element/functions/node_modules/firebase-functions/lib/index.js\"}"}}
[debug] [2021-01-10T07:18:27.140Z] [runtime-status] [29312] firebase-admin has been stubbed. {"adminResolution":{"declared":true,"installed":true,"version":"9.4.2","resolution":"/Users/abdelrahman/Projects/lit-element/functions/node_modules/firebase-admin/lib/index.js"}} {"metadata":{"emulator":{"name":"functions"},"function":{"name":"helloWorld"},"message":"[runtime-status] [29312] firebase-admin has been stubbed. {\"adminResolution\":{\"declared\":true,\"installed\":true,\"version\":\"9.4.2\",\"resolution\":\"/Users/abdelrahman/Projects/lit-element/functions/node_modules/firebase-admin/lib/index.js\"}}"}}
[debug] [2021-01-10T07:18:27.145Z] [runtime-status] [29312] Trigger "helloWorld" has been found, beginning invocation! {"metadata":{"emulator":{"name":"functions"},"function":{"name":"helloWorld"},"message":"[runtime-status] [29312] Trigger \"helloWorld\" has been found, beginning invocation!"}}
[info] i  functions: Beginning execution of "helloWorld" {"metadata":{"emulator":{"name":"functions"},"function":{"name":"helloWorld"},"message":"Beginning execution of \"helloWorld\""}}
[debug] [2021-01-10T07:18:27.146Z] [runtime-status] [29312] triggerDefinition {"httpsTrigger":{},"name":"helloWorld","entryPoint":"helloWorld"} {"metadata":{"emulator":{"name":"functions"},"function":{"name":"helloWorld"},"message":"[runtime-status] [29312] triggerDefinition {\"httpsTrigger\":{},\"name\":\"helloWorld\",\"entryPoint\":\"helloWorld\"}"}}
[debug] [2021-01-10T07:18:27.146Z] [runtime-status] [29312] Running helloWorld in mode HTTPS {"metadata":{"emulator":{"name":"functions"},"function":{"name":"helloWorld"},"message":"[runtime-status] [29312] Running helloWorld in mode HTTPS"}}
[debug] [2021-01-10T07:18:27.156Z] [runtime-status] [29312] Attempting to listen to socketPath: /var/folders/05/08n7bs057s32vs_rph160mr00000gn/T/fire_emu_29312.sock {"metadata":{"emulator":{"name":"functions"},"function":{"name":"helloWorld"},"message":"[runtime-status] [29312] Attempting to listen to socketPath: /var/folders/05/08n7bs057s32vs_rph160mr00000gn/T/fire_emu_29312.sock"}}
[debug] [2021-01-10T07:18:27.161Z] [functions] Runtime ready! Sending request! {"metadata":{"emulator":{"name":"functions"},"message":"[functions] Runtime ready! Sending request!"}}
[debug] [2021-01-10T07:18:27.172Z] [runtime-status] [29312] Ephemeral server handling GET request {"metadata":{"emulator":{"name":"functions"},"function":{"name":"helloWorld"},"message":"[runtime-status] [29312] Ephemeral server handling GET request"}}
[info] >  {"structuredData":true,"severity":"INFO","message":"Hello logs!"} {"user":{"structuredData":true,"severity":"INFO","message":"Hello logs!"},"metadata":{"emulator":{"name":"functions"},"function":{"name":"helloWorld"},"message":"\u001b[90m> \u001b[39m {\"structuredData\":true,\"severity\":\"INFO\",\"message\":\"Hello logs!\"}"}}
[debug] [2021-01-10T07:18:27.190Z] [runtime-status] [29312] Ephemeral server survived. {"metadata":{"emulator":{"name":"functions"},"function":{"name":"helloWorld"},"message":"[runtime-status] [29312] Ephemeral server survived."}}
[info] i  functions: Finished "helloWorld" in ~1s {"metadata":{"emulator":{"name":"functions"},"function":{"name":"helloWorld"},"message":"Finished \"helloWorld\" in ~1s"}}
[debug] [2021-01-10T07:18:27.214Z] [worker-helloWorld-6811af6c-dee8-4cd5-bcce-95c7c7d0cf77]: IDLE {"metadata":{"emulator":{"name":"functions"},"message":"[worker-helloWorld-6811af6c-dee8-4cd5-bcce-95c7c7d0cf77]: IDLE"}}
[debug] [2021-01-10T07:18:27.214Z] [work-queue] {"queueLength":0,"workRunningCount":0}
[debug] [2021-01-10T07:18:27.408Z] Functions emulator received unknown request at path /favicon.ico
[debug] [2021-01-10T07:18:42.426Z] File /Users/abdelrahman/Projects/lit-element/functions/src/index.ts changed, reloading triggers {"metadata":{"emulator":{"name":"functions"},"message":"File /Users/abdelrahman/Projects/lit-element/functions/src/index.ts changed, reloading triggers"}}
[debug] [2021-01-10T07:18:43.428Z] [worker-pool] Shutting down IDLE worker (~diagnostic~) {"metadata":{"emulator":{"name":"functions"},"message":"[worker-pool] Shutting down IDLE worker (~diagnostic~)"}}
[debug] [2021-01-10T07:18:43.429Z] [worker-~diagnostic~-7a1dafb7-66d1-4247-8f32-d91aa643e9a4]: FINISHING {"metadata":{"emulator":{"name":"functions"},"message":"[worker-~diagnostic~-7a1dafb7-66d1-4247-8f32-d91aa643e9a4]: FINISHING"}}
[debug] [2021-01-10T07:18:43.431Z] [worker-pool] Shutting down IDLE worker (helloWorld) {"metadata":{"emulator":{"name":"functions"},"message":"[worker-pool] Shutting down IDLE worker (helloWorld)"}}
[debug] [2021-01-10T07:18:43.431Z] [worker-helloWorld-6811af6c-dee8-4cd5-bcce-95c7c7d0cf77]: FINISHING {"metadata":{"emulator":{"name":"functions"},"message":"[worker-helloWorld-6811af6c-dee8-4cd5-bcce-95c7c7d0cf77]: FINISHING"}}
[debug] [2021-01-10T07:18:43.447Z] [worker-pool] addWorker(~diagnostic~) {"metadata":{"emulator":{"name":"functions"},"message":"[worker-pool] addWorker(~diagnostic~)"}}
[debug] [2021-01-10T07:18:43.448Z] [worker-pool] Adding worker with key ~diagnostic~, total=2 {"metadata":{"emulator":{"name":"functions"},"message":"[worker-pool] Adding worker with key ~diagnostic~, total=2"}}
[debug] [2021-01-10T07:18:43.448Z] [worker-pool] submitWork(triggerId=) {"metadata":{"emulator":{"name":"functions"},"message":"[worker-pool] submitWork(triggerId=)"}}
[debug] [2021-01-10T07:18:43.449Z] [worker-~diagnostic~-4a07a7a6-c7e3-4373-9f9f-9f11394fc5c5]: Assigning socketPath: /var/folders/05/08n7bs057s32vs_rph160mr00000gn/T/fire_emu_29316.sock {"metadata":{"emulator":{"name":"functions"},"message":"[worker-~diagnostic~-4a07a7a6-c7e3-4373-9f9f-9f11394fc5c5]: Assigning socketPath: /var/folders/05/08n7bs057s32vs_rph160mr00000gn/T/fire_emu_29316.sock"}}
[debug] [2021-01-10T07:18:43.449Z] [worker-~diagnostic~-4a07a7a6-c7e3-4373-9f9f-9f11394fc5c5]: BUSY {"metadata":{"emulator":{"name":"functions"},"message":"[worker-~diagnostic~-4a07a7a6-c7e3-4373-9f9f-9f11394fc5c5]: BUSY"}}
[debug] [2021-01-10T07:18:43.452Z] [worker-~diagnostic~-7a1dafb7-66d1-4247-8f32-d91aa643e9a4]: exited {"metadata":{"emulator":{"name":"functions"},"message":"[worker-~diagnostic~-7a1dafb7-66d1-4247-8f32-d91aa643e9a4]: exited"}}
[debug] [2021-01-10T07:18:43.452Z] [worker-~diagnostic~-7a1dafb7-66d1-4247-8f32-d91aa643e9a4]: FINISHED {"metadata":{"emulator":{"name":"functions"},"message":"[worker-~diagnostic~-7a1dafb7-66d1-4247-8f32-d91aa643e9a4]: FINISHED"}}
[debug] [2021-01-10T07:18:43.453Z] [worker-helloWorld-6811af6c-dee8-4cd5-bcce-95c7c7d0cf77]: exited {"metadata":{"emulator":{"name":"functions"},"message":"[worker-helloWorld-6811af6c-dee8-4cd5-bcce-95c7c7d0cf77]: exited"}}
[debug] [2021-01-10T07:18:43.453Z] [worker-helloWorld-6811af6c-dee8-4cd5-bcce-95c7c7d0cf77]: FINISHED {"metadata":{"emulator":{"name":"functions"},"message":"[worker-helloWorld-6811af6c-dee8-4cd5-bcce-95c7c7d0cf77]: FINISHED"}}
[debug] [2021-01-10T07:18:43.964Z] [runtime-status] [29316] Functions runtime initialized. {"cwd":"/Users/abdelrahman/Projects/lit-element/functions","node_version":"12.18.1"} {"metadata":{"emulator":{"name":"functions"},"message":"[runtime-status] [29316] Functions runtime initialized. {\"cwd\":\"/Users/abdelrahman/Projects/lit-element/functions\",\"node_version\":\"12.18.1\"}"}}
[debug] [2021-01-10T07:18:43.997Z] [runtime-status] [29316] Disabled runtime features: undefined {"metadata":{"emulator":{"name":"functions"},"message":"[runtime-status] [29316] Disabled runtime features: undefined"}}
[debug] [2021-01-10T07:18:44.030Z] [runtime-status] [29316] Resolved module firebase-admin {"declared":true,"installed":true,"version":"9.4.2","resolution":"/Users/abdelrahman/Projects/lit-element/functions/node_modules/firebase-admin/lib/index.js"} {"metadata":{"emulator":{"name":"functions"},"message":"[runtime-status] [29316] Resolved module firebase-admin {\"declared\":true,\"installed\":true,\"version\":\"9.4.2\",\"resolution\":\"/Users/abdelrahman/Projects/lit-element/functions/node_modules/firebase-admin/lib/index.js\"}"}}
[debug] [2021-01-10T07:18:44.038Z] [runtime-status] [29316] Resolved module firebase-functions {"declared":true,"installed":true,"version":"3.13.0","resolution":"/Users/abdelrahman/Projects/lit-element/functions/node_modules/firebase-functions/lib/index.js"} {"metadata":{"emulator":{"name":"functions"},"message":"[runtime-status] [29316] Resolved module firebase-functions {\"declared\":true,\"installed\":true,\"version\":\"3.13.0\",\"resolution\":\"/Users/abdelrahman/Projects/lit-element/functions/node_modules/firebase-functions/lib/index.js\"}"}}
[debug] [2021-01-10T07:18:44.045Z] [runtime-status] [29316] Resolved module firebase-functions {"declared":true,"installed":true,"version":"3.13.0","resolution":"/Users/abdelrahman/Projects/lit-element/functions/node_modules/firebase-functions/lib/index.js"} {"metadata":{"emulator":{"name":"functions"},"message":"[runtime-status] [29316] Resolved module firebase-functions {\"declared\":true,\"installed\":true,\"version\":\"3.13.0\",\"resolution\":\"/Users/abdelrahman/Projects/lit-element/functions/node_modules/firebase-functions/lib/index.js\"}"}}
[debug] [2021-01-10T07:18:44.049Z] [runtime-status] [29316] Outgoing network have been stubbed. [{"name":"http","status":"mocked"},{"name":"http","status":"mocked"},{"name":"https","status":"mocked"},{"name":"https","status":"mocked"},{"name":"net","status":"mocked"}] {"metadata":{"emulator":{"name":"functions"},"message":"[runtime-status] [29316] Outgoing network have been stubbed. [{\"name\":\"http\",\"status\":\"mocked\"},{\"name\":\"http\",\"status\":\"mocked\"},{\"name\":\"https\",\"status\":\"mocked\"},{\"name\":\"https\",\"status\":\"mocked\"},{\"name\":\"net\",\"status\":\"mocked\"}]"}}
[debug] [2021-01-10T07:18:44.051Z] [runtime-status] [29316] Resolved module firebase-functions {"declared":true,"installed":true,"version":"3.13.0","resolution":"/Users/abdelrahman/Projects/lit-element/functions/node_modules/firebase-functions/lib/index.js"} {"metadata":{"emulator":{"name":"functions"},"message":"[runtime-status] [29316] Resolved module firebase-functions {\"declared\":true,\"installed\":true,\"version\":\"3.13.0\",\"resolution\":\"/Users/abdelrahman/Projects/lit-element/functions/node_modules/firebase-functions/lib/index.js\"}"}}
[debug] [2021-01-10T07:18:44.132Z] [runtime-status] [29316] Checked functions.config() {"config":{}} {"metadata":{"emulator":{"name":"functions"},"message":"[runtime-status] [29316] Checked functions.config() {\"config\":{}}"}}
[debug] [2021-01-10T07:18:44.132Z] [runtime-status] [29316] firebase-functions has been stubbed. {"functionsResolution":{"declared":true,"installed":true,"version":"3.13.0","resolution":"/Users/abdelrahman/Projects/lit-element/functions/node_modules/firebase-functions/lib/index.js"}} {"metadata":{"emulator":{"name":"functions"},"message":"[runtime-status] [29316] firebase-functions has been stubbed. {\"functionsResolution\":{\"declared\":true,\"installed\":true,\"version\":\"3.13.0\",\"resolution\":\"/Users/abdelrahman/Projects/lit-element/functions/node_modules/firebase-functions/lib/index.js\"}}"}}
[debug] [2021-01-10T07:18:44.133Z] [runtime-status] [29316] Resolved module firebase-functions {"declared":true,"installed":true,"version":"3.13.0","resolution":"/Users/abdelrahman/Projects/lit-element/functions/node_modules/firebase-functions/lib/index.js"} {"metadata":{"emulator":{"name":"functions"},"message":"[runtime-status] [29316] Resolved module firebase-functions {\"declared\":true,\"installed\":true,\"version\":\"3.13.0\",\"resolution\":\"/Users/abdelrahman/Projects/lit-element/functions/node_modules/firebase-functions/lib/index.js\"}"}}
[debug] [2021-01-10T07:18:44.133Z] [runtime-status] [29316] Resolved module firebase-admin {"declared":true,"installed":true,"version":"9.4.2","resolution":"/Users/abdelrahman/Projects/lit-element/functions/node_modules/firebase-admin/lib/index.js"} {"metadata":{"emulator":{"name":"functions"},"message":"[runtime-status] [29316] Resolved module firebase-admin {\"declared\":true,\"installed\":true,\"version\":\"9.4.2\",\"resolution\":\"/Users/abdelrahman/Projects/lit-element/functions/node_modules/firebase-admin/lib/index.js\"}"}}
[debug] [2021-01-10T07:18:44.133Z] [runtime-status] [29316] Resolved module firebase-functions {"declared":true,"installed":true,"version":"3.13.0","resolution":"/Users/abdelrahman/Projects/lit-element/functions/node_modules/firebase-functions/lib/index.js"} {"metadata":{"emulator":{"name":"functions"},"message":"[runtime-status] [29316] Resolved module firebase-functions {\"declared\":true,\"installed\":true,\"version\":\"3.13.0\",\"resolution\":\"/Users/abdelrahman/Projects/lit-element/functions/node_modules/firebase-functions/lib/index.js\"}"}}
[debug] [2021-01-10T07:18:44.133Z] [runtime-status] [29316] firebase-admin has been stubbed. {"adminResolution":{"declared":true,"installed":true,"version":"9.4.2","resolution":"/Users/abdelrahman/Projects/lit-element/functions/node_modules/firebase-admin/lib/index.js"}} {"metadata":{"emulator":{"name":"functions"},"message":"[runtime-status] [29316] firebase-admin has been stubbed. {\"adminResolution\":{\"declared\":true,\"installed\":true,\"version\":\"9.4.2\",\"resolution\":\"/Users/abdelrahman/Projects/lit-element/functions/node_modules/firebase-admin/lib/index.js\"}}"}}
[debug] [2021-01-10T07:18:44.135Z] [worker-~diagnostic~-4a07a7a6-c7e3-4373-9f9f-9f11394fc5c5]: IDLE {"metadata":{"emulator":{"name":"functions"},"message":"[worker-~diagnostic~-4a07a7a6-c7e3-4373-9f9f-9f11394fc5c5]: IDLE"}}
[debug] [2021-01-10T07:19:42.772Z] [work-queue] {"queueLength":1,"workRunningCount":0}
[debug] [2021-01-10T07:19:42.772Z] [work-queue] {"queueLength":0,"workRunningCount":1}
[debug] [2021-01-10T07:19:42.772Z] Accepted request GET /vngrs-c5a55/us-central1/helloWorld --> helloWorld
[debug] [2021-01-10T07:19:42.773Z] [worker-pool] Cleaned up workers for ~diagnostic~: 2 --> 1 {"metadata":{"emulator":{"name":"functions"},"message":"[worker-pool] Cleaned up workers for ~diagnostic~: 2 --> 1"}}
[debug] [2021-01-10T07:19:42.773Z] [worker-pool] Cleaned up workers for helloWorld: 1 --> 0 {"metadata":{"emulator":{"name":"functions"},"message":"[worker-pool] Cleaned up workers for helloWorld: 1 --> 0"}}
[debug] [2021-01-10T07:19:42.784Z] [worker-pool] addWorker(helloWorld) {"metadata":{"emulator":{"name":"functions"},"message":"[worker-pool] addWorker(helloWorld)"}}
[debug] [2021-01-10T07:19:42.785Z] [worker-pool] Adding worker with key helloWorld, total=1 {"metadata":{"emulator":{"name":"functions"},"message":"[worker-pool] Adding worker with key helloWorld, total=1"}}
[debug] [2021-01-10T07:19:42.785Z] [worker-pool] submitWork(triggerId=helloWorld) {"metadata":{"emulator":{"name":"functions"},"message":"[worker-pool] submitWork(triggerId=helloWorld)"}}
[debug] [2021-01-10T07:19:42.785Z] [worker-helloWorld-4d5aa144-d913-459e-8f32-8a0d72bd382b]: Assigning socketPath: /var/folders/05/08n7bs057s32vs_rph160mr00000gn/T/fire_emu_29418.sock {"metadata":{"emulator":{"name":"functions"},"message":"[worker-helloWorld-4d5aa144-d913-459e-8f32-8a0d72bd382b]: Assigning socketPath: /var/folders/05/08n7bs057s32vs_rph160mr00000gn/T/fire_emu_29418.sock"}}
[debug] [2021-01-10T07:19:42.785Z] [worker-helloWorld-4d5aa144-d913-459e-8f32-8a0d72bd382b]: BUSY {"metadata":{"emulator":{"name":"functions"},"message":"[worker-helloWorld-4d5aa144-d913-459e-8f32-8a0d72bd382b]: BUSY"}}
[debug] [2021-01-10T07:19:43.351Z] [runtime-status] [29418] Functions runtime initialized. {"cwd":"/Users/abdelrahman/Projects/lit-element/functions","node_version":"12.18.1"} {"metadata":{"emulator":{"name":"functions"},"function":{"name":"helloWorld"},"message":"[runtime-status] [29418] Functions runtime initialized. {\"cwd\":\"/Users/abdelrahman/Projects/lit-element/functions\",\"node_version\":\"12.18.1\"}"}}
[debug] [2021-01-10T07:19:43.352Z] [runtime-status] [29418] Disabled runtime features: undefined {"metadata":{"emulator":{"name":"functions"},"function":{"name":"helloWorld"},"message":"[runtime-status] [29418] Disabled runtime features: undefined"}}
[debug] [2021-01-10T07:19:43.355Z] [runtime-status] [29418] Resolved module firebase-admin {"declared":true,"installed":true,"version":"9.4.2","resolution":"/Users/abdelrahman/Projects/lit-element/functions/node_modules/firebase-admin/lib/index.js"} {"metadata":{"emulator":{"name":"functions"},"function":{"name":"helloWorld"},"message":"[runtime-status] [29418] Resolved module firebase-admin {\"declared\":true,\"installed\":true,\"version\":\"9.4.2\",\"resolution\":\"/Users/abdelrahman/Projects/lit-element/functions/node_modules/firebase-admin/lib/index.js\"}"}}
[debug] [2021-01-10T07:19:43.358Z] [runtime-status] [29418] Resolved module firebase-functions {"declared":true,"installed":true,"version":"3.13.0","resolution":"/Users/abdelrahman/Projects/lit-element/functions/node_modules/firebase-functions/lib/index.js"} {"metadata":{"emulator":{"name":"functions"},"function":{"name":"helloWorld"},"message":"[runtime-status] [29418] Resolved module firebase-functions {\"declared\":true,\"installed\":true,\"version\":\"3.13.0\",\"resolution\":\"/Users/abdelrahman/Projects/lit-element/functions/node_modules/firebase-functions/lib/index.js\"}"}}
[debug] [2021-01-10T07:19:43.360Z] [runtime-status] [29418] Resolved module firebase-functions {"declared":true,"installed":true,"version":"3.13.0","resolution":"/Users/abdelrahman/Projects/lit-element/functions/node_modules/firebase-functions/lib/index.js"} {"metadata":{"emulator":{"name":"functions"},"function":{"name":"helloWorld"},"message":"[runtime-status] [29418] Resolved module firebase-functions {\"declared\":true,\"installed\":true,\"version\":\"3.13.0\",\"resolution\":\"/Users/abdelrahman/Projects/lit-element/functions/node_modules/firebase-functions/lib/index.js\"}"}}
[debug] [2021-01-10T07:19:43.362Z] [runtime-status] [29418] Outgoing network have been stubbed. [{"name":"http","status":"mocked"},{"name":"http","status":"mocked"},{"name":"https","status":"mocked"},{"name":"https","status":"mocked"},{"name":"net","status":"mocked"}] {"metadata":{"emulator":{"name":"functions"},"function":{"name":"helloWorld"},"message":"[runtime-status] [29418] Outgoing network have been stubbed. [{\"name\":\"http\",\"status\":\"mocked\"},{\"name\":\"http\",\"status\":\"mocked\"},{\"name\":\"https\",\"status\":\"mocked\"},{\"name\":\"https\",\"status\":\"mocked\"},{\"name\":\"net\",\"status\":\"mocked\"}]"}}
[debug] [2021-01-10T07:19:43.363Z] [runtime-status] [29418] Resolved module firebase-functions {"declared":true,"installed":true,"version":"3.13.0","resolution":"/Users/abdelrahman/Projects/lit-element/functions/node_modules/firebase-functions/lib/index.js"} {"metadata":{"emulator":{"name":"functions"},"function":{"name":"helloWorld"},"message":"[runtime-status] [29418] Resolved module firebase-functions {\"declared\":true,\"installed\":true,\"version\":\"3.13.0\",\"resolution\":\"/Users/abdelrahman/Projects/lit-element/functions/node_modules/firebase-functions/lib/index.js\"}"}}
[debug] [2021-01-10T07:19:43.440Z] [runtime-status] [29418] Checked functions.config() {"config":{}} {"metadata":{"emulator":{"name":"functions"},"function":{"name":"helloWorld"},"message":"[runtime-status] [29418] Checked functions.config() {\"config\":{}}"}}
[debug] [2021-01-10T07:19:43.440Z] [runtime-status] [29418] firebase-functions has been stubbed. {"functionsResolution":{"declared":true,"installed":true,"version":"3.13.0","resolution":"/Users/abdelrahman/Projects/lit-element/functions/node_modules/firebase-functions/lib/index.js"}} {"metadata":{"emulator":{"name":"functions"},"function":{"name":"helloWorld"},"message":"[runtime-status] [29418] firebase-functions has been stubbed. {\"functionsResolution\":{\"declared\":true,\"installed\":true,\"version\":\"3.13.0\",\"resolution\":\"/Users/abdelrahman/Projects/lit-element/functions/node_modules/firebase-functions/lib/index.js\"}}"}}
[debug] [2021-01-10T07:19:43.441Z] [runtime-status] [29418] Resolved module firebase-functions {"declared":true,"installed":true,"version":"3.13.0","resolution":"/Users/abdelrahman/Projects/lit-element/functions/node_modules/firebase-functions/lib/index.js"} {"metadata":{"emulator":{"name":"functions"},"function":{"name":"helloWorld"},"message":"[runtime-status] [29418] Resolved module firebase-functions {\"declared\":true,\"installed\":true,\"version\":\"3.13.0\",\"resolution\":\"/Users/abdelrahman/Projects/lit-element/functions/node_modules/firebase-functions/lib/index.js\"}"}}
[debug] [2021-01-10T07:19:43.442Z] [runtime-status] [29418] Resolved module firebase-admin {"declared":true,"installed":true,"version":"9.4.2","resolution":"/Users/abdelrahman/Projects/lit-element/functions/node_modules/firebase-admin/lib/index.js"} {"metadata":{"emulator":{"name":"functions"},"function":{"name":"helloWorld"},"message":"[runtime-status] [29418] Resolved module firebase-admin {\"declared\":true,\"installed\":true,\"version\":\"9.4.2\",\"resolution\":\"/Users/abdelrahman/Projects/lit-element/functions/node_modules/firebase-admin/lib/index.js\"}"}}
[debug] [2021-01-10T07:19:43.443Z] [runtime-status] [29418] Resolved module firebase-functions {"declared":true,"installed":true,"version":"3.13.0","resolution":"/Users/abdelrahman/Projects/lit-element/functions/node_modules/firebase-functions/lib/index.js"} {"metadata":{"emulator":{"name":"functions"},"function":{"name":"helloWorld"},"message":"[runtime-status] [29418] Resolved module firebase-functions {\"declared\":true,\"installed\":true,\"version\":\"3.13.0\",\"resolution\":\"/Users/abdelrahman/Projects/lit-element/functions/node_modules/firebase-functions/lib/index.js\"}"}}
[debug] [2021-01-10T07:19:43.444Z] [runtime-status] [29418] firebase-admin has been stubbed. {"adminResolution":{"declared":true,"installed":true,"version":"9.4.2","resolution":"/Users/abdelrahman/Projects/lit-element/functions/node_modules/firebase-admin/lib/index.js"}} {"metadata":{"emulator":{"name":"functions"},"function":{"name":"helloWorld"},"message":"[runtime-status] [29418] firebase-admin has been stubbed. {\"adminResolution\":{\"declared\":true,\"installed\":true,\"version\":\"9.4.2\",\"resolution\":\"/Users/abdelrahman/Projects/lit-element/functions/node_modules/firebase-admin/lib/index.js\"}}"}}
[debug] [2021-01-10T07:19:43.448Z] [runtime-status] [29418] Trigger "helloWorld" has been found, beginning invocation! {"metadata":{"emulator":{"name":"functions"},"function":{"name":"helloWorld"},"message":"[runtime-status] [29418] Trigger \"helloWorld\" has been found, beginning invocation!"}}
[info] i  functions: Beginning execution of "helloWorld" {"metadata":{"emulator":{"name":"functions"},"function":{"name":"helloWorld"},"message":"Beginning execution of \"helloWorld\""}}
[debug] [2021-01-10T07:19:43.449Z] [runtime-status] [29418] triggerDefinition {"httpsTrigger":{},"name":"helloWorld","entryPoint":"helloWorld"} {"metadata":{"emulator":{"name":"functions"},"function":{"name":"helloWorld"},"message":"[runtime-status] [29418] triggerDefinition {\"httpsTrigger\":{},\"name\":\"helloWorld\",\"entryPoint\":\"helloWorld\"}"}}
[debug] [2021-01-10T07:19:43.449Z] [runtime-status] [29418] Running helloWorld in mode HTTPS {"metadata":{"emulator":{"name":"functions"},"function":{"name":"helloWorld"},"message":"[runtime-status] [29418] Running helloWorld in mode HTTPS"}}
[debug] [2021-01-10T07:19:43.453Z] [runtime-status] [29418] Attempting to listen to socketPath: /var/folders/05/08n7bs057s32vs_rph160mr00000gn/T/fire_emu_29418.sock {"metadata":{"emulator":{"name":"functions"},"function":{"name":"helloWorld"},"message":"[runtime-status] [29418] Attempting to listen to socketPath: /var/folders/05/08n7bs057s32vs_rph160mr00000gn/T/fire_emu_29418.sock"}}
[debug] [2021-01-10T07:19:43.459Z] [functions] Runtime ready! Sending request! {"metadata":{"emulator":{"name":"functions"},"message":"[functions] Runtime ready! Sending request!"}}
[debug] [2021-01-10T07:19:43.467Z] [runtime-status] [29418] Ephemeral server handling GET request {"metadata":{"emulator":{"name":"functions"},"function":{"name":"helloWorld"},"message":"[runtime-status] [29418] Ephemeral server handling GET request"}}
[info] >  {"structuredData":true,"severity":"INFO","message":"Hello logs!"} {"user":{"structuredData":true,"severity":"INFO","message":"Hello logs!"},"metadata":{"emulator":{"name":"functions"},"function":{"name":"helloWorld"},"message":"\u001b[90m> \u001b[39m {\"structuredData\":true,\"severity\":\"INFO\",\"message\":\"Hello logs!\"}"}}
[debug] [2021-01-10T07:19:43.482Z] [runtime-status] [29418] Ephemeral server survived. {"metadata":{"emulator":{"name":"functions"},"function":{"name":"helloWorld"},"message":"[runtime-status] [29418] Ephemeral server survived."}}
[info] i  functions: Finished "helloWorld" in ~1s {"metadata":{"emulator":{"name":"functions"},"function":{"name":"helloWorld"},"message":"Finished \"helloWorld\" in ~1s"}}
[debug] [2021-01-10T07:19:43.486Z] [worker-helloWorld-4d5aa144-d913-459e-8f32-8a0d72bd382b]: IDLE {"metadata":{"emulator":{"name":"functions"},"message":"[worker-helloWorld-4d5aa144-d913-459e-8f32-8a0d72bd382b]: IDLE"}}
[debug] [2021-01-10T07:19:43.490Z] [work-queue] {"queueLength":0,"workRunningCount":0}
[debug] [2021-01-10T07:19:45.709Z] [work-queue] {"queueLength":1,"workRunningCount":0}
[debug] [2021-01-10T07:19:45.709Z] [work-queue] {"queueLength":0,"workRunningCount":1}
[debug] [2021-01-10T07:19:45.709Z] Accepted request GET /vngrs-c5a55/us-central1/helloWorld --> helloWorld
[debug] [2021-01-10T07:19:45.710Z] [worker-pool] submitWork(triggerId=helloWorld) {"metadata":{"emulator":{"name":"functions"},"message":"[worker-pool] submitWork(triggerId=helloWorld)"}}
[debug] [2021-01-10T07:19:45.710Z] [worker-helloWorld-4d5aa144-d913-459e-8f32-8a0d72bd382b]: Assigning socketPath: /var/folders/05/08n7bs057s32vs_rph160mr00000gn/T/fire_emu_29418.sock {"metadata":{"emulator":{"name":"functions"},"message":"[worker-helloWorld-4d5aa144-d913-459e-8f32-8a0d72bd382b]: Assigning socketPath: /var/folders/05/08n7bs057s32vs_rph160mr00000gn/T/fire_emu_29418.sock"}}
[debug] [2021-01-10T07:19:45.710Z] [worker-helloWorld-4d5aa144-d913-459e-8f32-8a0d72bd382b]: BUSY {"metadata":{"emulator":{"name":"functions"},"message":"[worker-helloWorld-4d5aa144-d913-459e-8f32-8a0d72bd382b]: BUSY"}}
[debug] [2021-01-10T07:19:45.713Z] [runtime-status] [29418] Trigger "helloWorld" has been found, beginning invocation! {"metadata":{"emulator":{"name":"functions"},"function":{"name":"helloWorld"},"message":"[runtime-status] [29418] Trigger \"helloWorld\" has been found, beginning invocation!"}}
[info] i  functions: Beginning execution of "helloWorld" {"metadata":{"emulator":{"name":"functions"},"function":{"name":"helloWorld"},"message":"Beginning execution of \"helloWorld\""}}
[debug] [2021-01-10T07:19:45.716Z] [runtime-status] [29418] triggerDefinition {"httpsTrigger":{},"name":"helloWorld","entryPoint":"helloWorld"} {"metadata":{"emulator":{"name":"functions"},"function":{"name":"helloWorld"},"message":"[runtime-status] [29418] triggerDefinition {\"httpsTrigger\":{},\"name\":\"helloWorld\",\"entryPoint\":\"helloWorld\"}"}}
[debug] [2021-01-10T07:19:45.717Z] [runtime-status] [29418] Running helloWorld in mode HTTPS {"metadata":{"emulator":{"name":"functions"},"function":{"name":"helloWorld"},"message":"[runtime-status] [29418] Running helloWorld in mode HTTPS"}}
[debug] [2021-01-10T07:19:45.717Z] [runtime-status] [29418] Attempting to listen to socketPath: /var/folders/05/08n7bs057s32vs_rph160mr00000gn/T/fire_emu_29418.sock {"metadata":{"emulator":{"name":"functions"},"function":{"name":"helloWorld"},"message":"[runtime-status] [29418] Attempting to listen to socketPath: /var/folders/05/08n7bs057s32vs_rph160mr00000gn/T/fire_emu_29418.sock"}}
[debug] [2021-01-10T07:19:45.717Z] [functions] Runtime ready! Sending request! {"metadata":{"emulator":{"name":"functions"},"message":"[functions] Runtime ready! Sending request!"}}
[debug] [2021-01-10T07:19:45.723Z] [runtime-status] [29418] Ephemeral server handling GET request {"metadata":{"emulator":{"name":"functions"},"function":{"name":"helloWorld"},"message":"[runtime-status] [29418] Ephemeral server handling GET request"}}
[debug] [2021-01-10T07:19:45.724Z] [runtime-status] [29418] Ephemeral server survived. {"metadata":{"emulator":{"name":"functions"},"function":{"name":"helloWorld"},"message":"[runtime-status] [29418] Ephemeral server survived."}}
[info] >  {"structuredData":true,"severity":"INFO","message":"Hello logs!"} {"user":{"structuredData":true,"severity":"INFO","message":"Hello logs!"},"metadata":{"emulator":{"name":"functions"},"function":{"name":"helloWorld"},"message":"\u001b[90m> \u001b[39m {\"structuredData\":true,\"severity\":\"INFO\",\"message\":\"Hello logs!\"}"}}
[info] i  functions: Finished "helloWorld" in ~1s {"metadata":{"emulator":{"name":"functions"},"function":{"name":"helloWorld"},"message":"Finished \"helloWorld\" in ~1s"}}
[debug] [2021-01-10T07:19:45.727Z] [worker-helloWorld-4d5aa144-d913-459e-8f32-8a0d72bd382b]: IDLE {"metadata":{"emulator":{"name":"functions"},"message":"[worker-helloWorld-4d5aa144-d913-459e-8f32-8a0d72bd382b]: IDLE"}}
[debug] [2021-01-10T07:19:45.727Z] [work-queue] {"queueLength":0,"workRunningCount":0}
[debug] [2021-01-10T07:19:46.799Z] File /Users/abdelrahman/Projects/lit-element/functions/lib/index.js changed, reloading triggers {"metadata":{"emulator":{"name":"functions"},"message":"File /Users/abdelrahman/Projects/lit-element/functions/lib/index.js changed, reloading triggers"}}
[debug] [2021-01-10T07:19:46.800Z] File /Users/abdelrahman/Projects/lit-element/functions/lib/index.js.map changed, reloading triggers {"metadata":{"emulator":{"name":"functions"},"message":"File /Users/abdelrahman/Projects/lit-element/functions/lib/index.js.map changed, reloading triggers"}}
[debug] [2021-01-10T07:19:47.800Z] [worker-pool] Shutting down IDLE worker (~diagnostic~) {"metadata":{"emulator":{"name":"functions"},"message":"[worker-pool] Shutting down IDLE worker (~diagnostic~)"}}
[debug] [2021-01-10T07:19:47.800Z] [worker-~diagnostic~-4a07a7a6-c7e3-4373-9f9f-9f11394fc5c5]: FINISHING {"metadata":{"emulator":{"name":"functions"},"message":"[worker-~diagnostic~-4a07a7a6-c7e3-4373-9f9f-9f11394fc5c5]: FINISHING"}}
[debug] [2021-01-10T07:19:47.800Z] [worker-pool] Shutting down IDLE worker (helloWorld) {"metadata":{"emulator":{"name":"functions"},"message":"[worker-pool] Shutting down IDLE worker (helloWorld)"}}
[debug] [2021-01-10T07:19:47.800Z] [worker-helloWorld-4d5aa144-d913-459e-8f32-8a0d72bd382b]: FINISHING {"metadata":{"emulator":{"name":"functions"},"message":"[worker-helloWorld-4d5aa144-d913-459e-8f32-8a0d72bd382b]: FINISHING"}}
[debug] [2021-01-10T07:19:47.819Z] [worker-pool] addWorker(~diagnostic~) {"metadata":{"emulator":{"name":"functions"},"message":"[worker-pool] addWorker(~diagnostic~)"}}
[debug] [2021-01-10T07:19:47.820Z] [worker-pool] Adding worker with key ~diagnostic~, total=2 {"metadata":{"emulator":{"name":"functions"},"message":"[worker-pool] Adding worker with key ~diagnostic~, total=2"}}
[debug] [2021-01-10T07:19:47.821Z] [worker-pool] submitWork(triggerId=) {"metadata":{"emulator":{"name":"functions"},"message":"[worker-pool] submitWork(triggerId=)"}}
[debug] [2021-01-10T07:19:47.821Z] [worker-~diagnostic~-2ed7bfc2-1263-427c-b5b6-ce1d9eb0cf01]: Assigning socketPath: /var/folders/05/08n7bs057s32vs_rph160mr00000gn/T/fire_emu_29422.sock {"metadata":{"emulator":{"name":"functions"},"message":"[worker-~diagnostic~-2ed7bfc2-1263-427c-b5b6-ce1d9eb0cf01]: Assigning socketPath: /var/folders/05/08n7bs057s32vs_rph160mr00000gn/T/fire_emu_29422.sock"}}
[debug] [2021-01-10T07:19:47.821Z] [worker-~diagnostic~-2ed7bfc2-1263-427c-b5b6-ce1d9eb0cf01]: BUSY {"metadata":{"emulator":{"name":"functions"},"message":"[worker-~diagnostic~-2ed7bfc2-1263-427c-b5b6-ce1d9eb0cf01]: BUSY"}}
[debug] [2021-01-10T07:19:47.825Z] [worker-~diagnostic~-4a07a7a6-c7e3-4373-9f9f-9f11394fc5c5]: exited {"metadata":{"emulator":{"name":"functions"},"message":"[worker-~diagnostic~-4a07a7a6-c7e3-4373-9f9f-9f11394fc5c5]: exited"}}
[debug] [2021-01-10T07:19:47.826Z] [worker-~diagnostic~-4a07a7a6-c7e3-4373-9f9f-9f11394fc5c5]: FINISHED {"metadata":{"emulator":{"name":"functions"},"message":"[worker-~diagnostic~-4a07a7a6-c7e3-4373-9f9f-9f11394fc5c5]: FINISHED"}}
[debug] [2021-01-10T07:19:47.826Z] [worker-helloWorld-4d5aa144-d913-459e-8f32-8a0d72bd382b]: exited {"metadata":{"emulator":{"name":"functions"},"message":"[worker-helloWorld-4d5aa144-d913-459e-8f32-8a0d72bd382b]: exited"}}
[debug] [2021-01-10T07:19:47.826Z] [worker-helloWorld-4d5aa144-d913-459e-8f32-8a0d72bd382b]: FINISHED {"metadata":{"emulator":{"name":"functions"},"message":"[worker-helloWorld-4d5aa144-d913-459e-8f32-8a0d72bd382b]: FINISHED"}}
[debug] [2021-01-10T07:19:48.318Z] [runtime-status] [29422] Functions runtime initialized. {"cwd":"/Users/abdelrahman/Projects/lit-element/functions","node_version":"12.18.1"} {"metadata":{"emulator":{"name":"functions"},"message":"[runtime-status] [29422] Functions runtime initialized. {\"cwd\":\"/Users/abdelrahman/Projects/lit-element/functions\",\"node_version\":\"12.18.1\"}"}}
[debug] [2021-01-10T07:19:48.321Z] [runtime-status] [29422] Disabled runtime features: undefined {"metadata":{"emulator":{"name":"functions"},"message":"[runtime-status] [29422] Disabled runtime features: undefined"}}
[debug] [2021-01-10T07:19:48.326Z] [runtime-status] [29422] Resolved module firebase-admin {"declared":true,"installed":true,"version":"9.4.2","resolution":"/Users/abdelrahman/Projects/lit-element/functions/node_modules/firebase-admin/lib/index.js"} {"metadata":{"emulator":{"name":"functions"},"message":"[runtime-status] [29422] Resolved module firebase-admin {\"declared\":true,\"installed\":true,\"version\":\"9.4.2\",\"resolution\":\"/Users/abdelrahman/Projects/lit-element/functions/node_modules/firebase-admin/lib/index.js\"}"}}
[debug] [2021-01-10T07:19:48.327Z] [runtime-status] [29422] Resolved module firebase-functions {"declared":true,"installed":true,"version":"3.13.0","resolution":"/Users/abdelrahman/Projects/lit-element/functions/node_modules/firebase-functions/lib/index.js"} {"metadata":{"emulator":{"name":"functions"},"message":"[runtime-status] [29422] Resolved module firebase-functions {\"declared\":true,\"installed\":true,\"version\":\"3.13.0\",\"resolution\":\"/Users/abdelrahman/Projects/lit-element/functions/node_modules/firebase-functions/lib/index.js\"}"}}
[debug] [2021-01-10T07:19:48.338Z] [runtime-status] [29422] Resolved module firebase-functions {"declared":true,"installed":true,"version":"3.13.0","resolution":"/Users/abdelrahman/Projects/lit-element/functions/node_modules/firebase-functions/lib/index.js"} {"metadata":{"emulator":{"name":"functions"},"message":"[runtime-status] [29422] Resolved module firebase-functions {\"declared\":true,\"installed\":true,\"version\":\"3.13.0\",\"resolution\":\"/Users/abdelrahman/Projects/lit-element/functions/node_modules/firebase-functions/lib/index.js\"}"}}
[debug] [2021-01-10T07:19:48.338Z] [runtime-status] [29422] Outgoing network have been stubbed. [{"name":"http","status":"mocked"},{"name":"http","status":"mocked"},{"name":"https","status":"mocked"},{"name":"https","status":"mocked"},{"name":"net","status":"mocked"}] {"metadata":{"emulator":{"name":"functions"},"message":"[runtime-status] [29422] Outgoing network have been stubbed. [{\"name\":\"http\",\"status\":\"mocked\"},{\"name\":\"http\",\"status\":\"mocked\"},{\"name\":\"https\",\"status\":\"mocked\"},{\"name\":\"https\",\"status\":\"mocked\"},{\"name\":\"net\",\"status\":\"mocked\"}]"}}
[debug] [2021-01-10T07:19:48.339Z] [runtime-status] [29422] Resolved module firebase-functions {"declared":true,"installed":true,"version":"3.13.0","resolution":"/Users/abdelrahman/Projects/lit-element/functions/node_modules/firebase-functions/lib/index.js"} {"metadata":{"emulator":{"name":"functions"},"message":"[runtime-status] [29422] Resolved module firebase-functions {\"declared\":true,\"installed\":true,\"version\":\"3.13.0\",\"resolution\":\"/Users/abdelrahman/Projects/lit-element/functions/node_modules/firebase-functions/lib/index.js\"}"}}
[debug] [2021-01-10T07:19:48.407Z] [runtime-status] [29422] Checked functions.config() {"config":{}} {"metadata":{"emulator":{"name":"functions"},"message":"[runtime-status] [29422] Checked functions.config() {\"config\":{}}"}}
[debug] [2021-01-10T07:19:48.408Z] [runtime-status] [29422] firebase-functions has been stubbed. {"functionsResolution":{"declared":true,"installed":true,"version":"3.13.0","resolution":"/Users/abdelrahman/Projects/lit-element/functions/node_modules/firebase-functions/lib/index.js"}} {"metadata":{"emulator":{"name":"functions"},"message":"[runtime-status] [29422] firebase-functions has been stubbed. {\"functionsResolution\":{\"declared\":true,\"installed\":true,\"version\":\"3.13.0\",\"resolution\":\"/Users/abdelrahman/Projects/lit-element/functions/node_modules/firebase-functions/lib/index.js\"}}"}}
[debug] [2021-01-10T07:19:48.408Z] [runtime-status] [29422] Resolved module firebase-functions {"declared":true,"installed":true,"version":"3.13.0","resolution":"/Users/abdelrahman/Projects/lit-element/functions/node_modules/firebase-functions/lib/index.js"} {"metadata":{"emulator":{"name":"functions"},"message":"[runtime-status] [29422] Resolved module firebase-functions {\"declared\":true,\"installed\":true,\"version\":\"3.13.0\",\"resolution\":\"/Users/abdelrahman/Projects/lit-element/functions/node_modules/firebase-functions/lib/index.js\"}"}}
[debug] [2021-01-10T07:19:48.409Z] [runtime-status] [29422] Resolved module firebase-admin {"declared":true,"installed":true,"version":"9.4.2","resolution":"/Users/abdelrahman/Projects/lit-element/functions/node_modules/firebase-admin/lib/index.js"} {"metadata":{"emulator":{"name":"functions"},"message":"[runtime-status] [29422] Resolved module firebase-admin {\"declared\":true,\"installed\":true,\"version\":\"9.4.2\",\"resolution\":\"/Users/abdelrahman/Projects/lit-element/functions/node_modules/firebase-admin/lib/index.js\"}"}}
[debug] [2021-01-10T07:19:48.410Z] [runtime-status] [29422] Resolved module firebase-functions {"declared":true,"installed":true,"version":"3.13.0","resolution":"/Users/abdelrahman/Projects/lit-element/functions/node_modules/firebase-functions/lib/index.js"} {"metadata":{"emulator":{"name":"functions"},"message":"[runtime-status] [29422] Resolved module firebase-functions {\"declared\":true,\"installed\":true,\"version\":\"3.13.0\",\"resolution\":\"/Users/abdelrahman/Projects/lit-element/functions/node_modules/firebase-functions/lib/index.js\"}"}}
[debug] [2021-01-10T07:19:48.411Z] [runtime-status] [29422] firebase-admin has been stubbed. {"adminResolution":{"declared":true,"installed":true,"version":"9.4.2","resolution":"/Users/abdelrahman/Projects/lit-element/functions/node_modules/firebase-admin/lib/index.js"}} {"metadata":{"emulator":{"name":"functions"},"message":"[runtime-status] [29422] firebase-admin has been stubbed. {\"adminResolution\":{\"declared\":true,\"installed\":true,\"version\":\"9.4.2\",\"resolution\":\"/Users/abdelrahman/Projects/lit-element/functions/node_modules/firebase-admin/lib/index.js\"}}"}}
[debug] [2021-01-10T07:19:48.414Z] [worker-~diagnostic~-2ed7bfc2-1263-427c-b5b6-ce1d9eb0cf01]: IDLE {"metadata":{"emulator":{"name":"functions"},"message":"[worker-~diagnostic~-2ed7bfc2-1263-427c-b5b6-ce1d9eb0cf01]: IDLE"}}
[debug] [2021-01-10T07:20:50.144Z] [work-queue] {"queueLength":1,"workRunningCount":0}
[debug] [2021-01-10T07:20:50.145Z] [work-queue] {"queueLength":0,"workRunningCount":1}
[debug] [2021-01-10T07:20:50.145Z] Accepted request GET /vngrs-c5a55/us-central1/helloWorld --> helloWorld
[debug] [2021-01-10T07:20:50.145Z] [worker-pool] Cleaned up workers for ~diagnostic~: 2 --> 1 {"metadata":{"emulator":{"name":"functions"},"message":"[worker-pool] Cleaned up workers for ~diagnostic~: 2 --> 1"}}
[debug] [2021-01-10T07:20:50.145Z] [worker-pool] Cleaned up workers for helloWorld: 1 --> 0 {"metadata":{"emulator":{"name":"functions"},"message":"[worker-pool] Cleaned up workers for helloWorld: 1 --> 0"}}
[debug] [2021-01-10T07:20:50.153Z] [worker-pool] addWorker(helloWorld) {"metadata":{"emulator":{"name":"functions"},"message":"[worker-pool] addWorker(helloWorld)"}}
[debug] [2021-01-10T07:20:50.153Z] [worker-pool] Adding worker with key helloWorld, total=1 {"metadata":{"emulator":{"name":"functions"},"message":"[worker-pool] Adding worker with key helloWorld, total=1"}}
[debug] [2021-01-10T07:20:50.153Z] [worker-pool] submitWork(triggerId=helloWorld) {"metadata":{"emulator":{"name":"functions"},"message":"[worker-pool] submitWork(triggerId=helloWorld)"}}
[debug] [2021-01-10T07:20:50.153Z] [worker-helloWorld-946875ff-22c2-4728-aa4e-ba439d5582b1]: Assigning socketPath: /var/folders/05/08n7bs057s32vs_rph160mr00000gn/T/fire_emu_29478.sock {"metadata":{"emulator":{"name":"functions"},"message":"[worker-helloWorld-946875ff-22c2-4728-aa4e-ba439d5582b1]: Assigning socketPath: /var/folders/05/08n7bs057s32vs_rph160mr00000gn/T/fire_emu_29478.sock"}}
[debug] [2021-01-10T07:20:50.154Z] [worker-helloWorld-946875ff-22c2-4728-aa4e-ba439d5582b1]: BUSY {"metadata":{"emulator":{"name":"functions"},"message":"[worker-helloWorld-946875ff-22c2-4728-aa4e-ba439d5582b1]: BUSY"}}
[debug] [2021-01-10T07:20:51.267Z] [runtime-status] [29478] Functions runtime initialized. {"cwd":"/Users/abdelrahman/Projects/lit-element/functions","node_version":"12.18.1"} {"metadata":{"emulator":{"name":"functions"},"function":{"name":"helloWorld"},"message":"[runtime-status] [29478] Functions runtime initialized. {\"cwd\":\"/Users/abdelrahman/Projects/lit-element/functions\",\"node_version\":\"12.18.1\"}"}}
[debug] [2021-01-10T07:20:51.269Z] [runtime-status] [29478] Disabled runtime features: undefined {"metadata":{"emulator":{"name":"functions"},"function":{"name":"helloWorld"},"message":"[runtime-status] [29478] Disabled runtime features: undefined"}}
[debug] [2021-01-10T07:20:51.275Z] [runtime-status] [29478] Resolved module firebase-admin {"declared":true,"installed":true,"version":"9.4.2","resolution":"/Users/abdelrahman/Projects/lit-element/functions/node_modules/firebase-admin/lib/index.js"} {"metadata":{"emulator":{"name":"functions"},"function":{"name":"helloWorld"},"message":"[runtime-status] [29478] Resolved module firebase-admin {\"declared\":true,\"installed\":true,\"version\":\"9.4.2\",\"resolution\":\"/Users/abdelrahman/Projects/lit-element/functions/node_modules/firebase-admin/lib/index.js\"}"}}
[debug] [2021-01-10T07:20:51.280Z] [runtime-status] [29478] Resolved module firebase-functions {"declared":true,"installed":true,"version":"3.13.0","resolution":"/Users/abdelrahman/Projects/lit-element/functions/node_modules/firebase-functions/lib/index.js"} {"metadata":{"emulator":{"name":"functions"},"function":{"name":"helloWorld"},"message":"[runtime-status] [29478] Resolved module firebase-functions {\"declared\":true,\"installed\":true,\"version\":\"3.13.0\",\"resolution\":\"/Users/abdelrahman/Projects/lit-element/functions/node_modules/firebase-functions/lib/index.js\"}"}}
[debug] [2021-01-10T07:20:51.284Z] [runtime-status] [29478] Resolved module firebase-functions {"declared":true,"installed":true,"version":"3.13.0","resolution":"/Users/abdelrahman/Projects/lit-element/functions/node_modules/firebase-functions/lib/index.js"} {"metadata":{"emulator":{"name":"functions"},"function":{"name":"helloWorld"},"message":"[runtime-status] [29478] Resolved module firebase-functions {\"declared\":true,\"installed\":true,\"version\":\"3.13.0\",\"resolution\":\"/Users/abdelrahman/Projects/lit-element/functions/node_modules/firebase-functions/lib/index.js\"}"}}
[debug] [2021-01-10T07:20:51.287Z] [runtime-status] [29478] Outgoing network have been stubbed. [{"name":"http","status":"mocked"},{"name":"http","status":"mocked"},{"name":"https","status":"mocked"},{"name":"https","status":"mocked"},{"name":"net","status":"mocked"}] {"metadata":{"emulator":{"name":"functions"},"function":{"name":"helloWorld"},"message":"[runtime-status] [29478] Outgoing network have been stubbed. [{\"name\":\"http\",\"status\":\"mocked\"},{\"name\":\"http\",\"status\":\"mocked\"},{\"name\":\"https\",\"status\":\"mocked\"},{\"name\":\"https\",\"status\":\"mocked\"},{\"name\":\"net\",\"status\":\"mocked\"}]"}}
[debug] [2021-01-10T07:20:51.290Z] [runtime-status] [29478] Resolved module firebase-functions {"declared":true,"installed":true,"version":"3.13.0","resolution":"/Users/abdelrahman/Projects/lit-element/functions/node_modules/firebase-functions/lib/index.js"} {"metadata":{"emulator":{"name":"functions"},"function":{"name":"helloWorld"},"message":"[runtime-status] [29478] Resolved module firebase-functions {\"declared\":true,\"installed\":true,\"version\":\"3.13.0\",\"resolution\":\"/Users/abdelrahman/Projects/lit-element/functions/node_modules/firebase-functions/lib/index.js\"}"}}
[debug] [2021-01-10T07:20:51.385Z] [runtime-status] [29478] Checked functions.config() {"config":{}} {"metadata":{"emulator":{"name":"functions"},"function":{"name":"helloWorld"},"message":"[runtime-status] [29478] Checked functions.config() {\"config\":{}}"}}
[debug] [2021-01-10T07:20:51.386Z] [runtime-status] [29478] firebase-functions has been stubbed. {"functionsResolution":{"declared":true,"installed":true,"version":"3.13.0","resolution":"/Users/abdelrahman/Projects/lit-element/functions/node_modules/firebase-functions/lib/index.js"}} {"metadata":{"emulator":{"name":"functions"},"function":{"name":"helloWorld"},"message":"[runtime-status] [29478] firebase-functions has been stubbed. {\"functionsResolution\":{\"declared\":true,\"installed\":true,\"version\":\"3.13.0\",\"resolution\":\"/Users/abdelrahman/Projects/lit-element/functions/node_modules/firebase-functions/lib/index.js\"}}"}}
[debug] [2021-01-10T07:20:51.386Z] [runtime-status] [29478] Resolved module firebase-functions {"declared":true,"installed":true,"version":"3.13.0","resolution":"/Users/abdelrahman/Projects/lit-element/functions/node_modules/firebase-functions/lib/index.js"} {"metadata":{"emulator":{"name":"functions"},"function":{"name":"helloWorld"},"message":"[runtime-status] [29478] Resolved module firebase-functions {\"declared\":true,\"installed\":true,\"version\":\"3.13.0\",\"resolution\":\"/Users/abdelrahman/Projects/lit-element/functions/node_modules/firebase-functions/lib/index.js\"}"}}
[debug] [2021-01-10T07:20:51.387Z] [runtime-status] [29478] Resolved module firebase-admin {"declared":true,"installed":true,"version":"9.4.2","resolution":"/Users/abdelrahman/Projects/lit-element/functions/node_modules/firebase-admin/lib/index.js"} {"metadata":{"emulator":{"name":"functions"},"function":{"name":"helloWorld"},"message":"[runtime-status] [29478] Resolved module firebase-admin {\"declared\":true,\"installed\":true,\"version\":\"9.4.2\",\"resolution\":\"/Users/abdelrahman/Projects/lit-element/functions/node_modules/firebase-admin/lib/index.js\"}"}}
[debug] [2021-01-10T07:20:51.388Z] [runtime-status] [29478] Resolved module firebase-functions {"declared":true,"installed":true,"version":"3.13.0","resolution":"/Users/abdelrahman/Projects/lit-element/functions/node_modules/firebase-functions/lib/index.js"} {"metadata":{"emulator":{"name":"functions"},"function":{"name":"helloWorld"},"message":"[runtime-status] [29478] Resolved module firebase-functions {\"declared\":true,\"installed\":true,\"version\":\"3.13.0\",\"resolution\":\"/Users/abdelrahman/Projects/lit-element/functions/node_modules/firebase-functions/lib/index.js\"}"}}
[debug] [2021-01-10T07:20:51.388Z] [runtime-status] [29478] firebase-admin has been stubbed. {"adminResolution":{"declared":true,"installed":true,"version":"9.4.2","resolution":"/Users/abdelrahman/Projects/lit-element/functions/node_modules/firebase-admin/lib/index.js"}} {"metadata":{"emulator":{"name":"functions"},"function":{"name":"helloWorld"},"message":"[runtime-status] [29478] firebase-admin has been stubbed. {\"adminResolution\":{\"declared\":true,\"installed\":true,\"version\":\"9.4.2\",\"resolution\":\"/Users/abdelrahman/Projects/lit-element/functions/node_modules/firebase-admin/lib/index.js\"}}"}}
[debug] [2021-01-10T07:20:51.392Z] [runtime-status] [29478] Trigger "helloWorld" has been found, beginning invocation! {"metadata":{"emulator":{"name":"functions"},"function":{"name":"helloWorld"},"message":"[runtime-status] [29478] Trigger \"helloWorld\" has been found, beginning invocation!"}}
[info] i  functions: Beginning execution of "helloWorld" {"metadata":{"emulator":{"name":"functions"},"function":{"name":"helloWorld"},"message":"Beginning execution of \"helloWorld\""}}
[debug] [2021-01-10T07:20:51.393Z] [runtime-status] [29478] triggerDefinition {"httpsTrigger":{},"name":"helloWorld","entryPoint":"helloWorld"} {"metadata":{"emulator":{"name":"functions"},"function":{"name":"helloWorld"},"message":"[runtime-status] [29478] triggerDefinition {\"httpsTrigger\":{},\"name\":\"helloWorld\",\"entryPoint\":\"helloWorld\"}"}}
[debug] [2021-01-10T07:20:51.393Z] [runtime-status] [29478] Running helloWorld in mode HTTPS {"metadata":{"emulator":{"name":"functions"},"function":{"name":"helloWorld"},"message":"[runtime-status] [29478] Running helloWorld in mode HTTPS"}}
[debug] [2021-01-10T07:20:51.400Z] [runtime-status] [29478] Attempting to listen to socketPath: /var/folders/05/08n7bs057s32vs_rph160mr00000gn/T/fire_emu_29478.sock {"metadata":{"emulator":{"name":"functions"},"function":{"name":"helloWorld"},"message":"[runtime-status] [29478] Attempting to listen to socketPath: /var/folders/05/08n7bs057s32vs_rph160mr00000gn/T/fire_emu_29478.sock"}}
[debug] [2021-01-10T07:20:51.401Z] [functions] Runtime ready! Sending request! {"metadata":{"emulator":{"name":"functions"},"message":"[functions] Runtime ready! Sending request!"}}
[debug] [2021-01-10T07:20:51.411Z] [runtime-status] [29478] Ephemeral server handling GET request {"metadata":{"emulator":{"name":"functions"},"function":{"name":"helloWorld"},"message":"[runtime-status] [29478] Ephemeral server handling GET request"}}
[info] >  {"structuredData":true,"severity":"INFO","message":"Hello logs!"} {"user":{"structuredData":true,"severity":"INFO","message":"Hello logs!"},"metadata":{"emulator":{"name":"functions"},"function":{"name":"helloWorld"},"message":"\u001b[90m> \u001b[39m {\"structuredData\":true,\"severity\":\"INFO\",\"message\":\"Hello logs!\"}"}}
[debug] [2021-01-10T07:20:51.419Z] [runtime-status] [29478] Ephemeral server survived. {"metadata":{"emulator":{"name":"functions"},"function":{"name":"helloWorld"},"message":"[runtime-status] [29478] Ephemeral server survived."}}
[info] i  functions: Finished "helloWorld" in ~1s {"metadata":{"emulator":{"name":"functions"},"function":{"name":"helloWorld"},"message":"Finished \"helloWorld\" in ~1s"}}
[debug] [2021-01-10T07:20:51.421Z] [worker-helloWorld-946875ff-22c2-4728-aa4e-ba439d5582b1]: IDLE {"metadata":{"emulator":{"name":"functions"},"message":"[worker-helloWorld-946875ff-22c2-4728-aa4e-ba439d5582b1]: IDLE"}}
[debug] [2021-01-10T07:20:51.421Z] [work-queue] {"queueLength":0,"workRunningCount":0}
